mapa[mp(1,1)] = 1;
mapa[mp(1,2)] = 0;
mapa[mp(1,3)] = 0;
mapa[mp(1,4)] = 0;
mapa[mp(1,5)] = 0;
mapa[mp(1,6)] = 0;
mapa[mp(1,7)] = 0;
mapa[mp(1,8)] = 0;
mapa[mp(2,1)] = 2;
mapa[mp(2,2)] = 1;
mapa[mp(2,3)] = 0;
mapa[mp(2,4)] = 0;
mapa[mp(2,5)] = 0;
mapa[mp(2,6)] = 0;
mapa[mp(2,7)] = 0;
mapa[mp(2,8)] = 0;
mapa[mp(3,1)] = 3;
mapa[mp(3,2)] = 3;
mapa[mp(3,3)] = 1;
mapa[mp(3,4)] = 0;
mapa[mp(3,5)] = 0;
mapa[mp(3,6)] = 0;
mapa[mp(3,7)] = 0;
mapa[mp(3,8)] = 0;
mapa[mp(4,1)] = 4;
mapa[mp(4,2)] = 6;
mapa[mp(4,3)] = 4;
mapa[mp(4,4)] = 1;
mapa[mp(4,5)] = 0;
mapa[mp(4,6)] = 0;
mapa[mp(4,7)] = 0;
mapa[mp(4,8)] = 0;
mapa[mp(5,1)] = 5;
mapa[mp(5,2)] = 10;
mapa[mp(5,3)] = 10;
mapa[mp(5,4)] = 5;
mapa[mp(5,5)] = 1;
mapa[mp(5,6)] = 0;
mapa[mp(5,7)] = 0;
mapa[mp(5,8)] = 0;
mapa[mp(6,1)] = 6;
mapa[mp(6,2)] = 15;
mapa[mp(6,3)] = 20;
mapa[mp(6,4)] = 15;
mapa[mp(6,5)] = 6;
mapa[mp(6,6)] = 1;
mapa[mp(6,7)] = 0;
mapa[mp(6,8)] = 0;
mapa[mp(7,1)] = 7;
mapa[mp(7,2)] = 21;
mapa[mp(7,3)] = 35;
mapa[mp(7,4)] = 35;
mapa[mp(7,5)] = 21;
mapa[mp(7,6)] = 7;
mapa[mp(7,7)] = 1;
mapa[mp(7,8)] = 0;
mapa[mp(8,1)] = 8;
mapa[mp(8,2)] = 28;
mapa[mp(8,3)] = 56;
mapa[mp(8,4)] = 70;
mapa[mp(8,5)] = 56;
mapa[mp(8,6)] = 28;
mapa[mp(8,7)] = 8;
mapa[mp(8,8)] = 1;
mapa[mp(9,1)] = 9;
mapa[mp(9,2)] = 36;
mapa[mp(9,3)] = 84;
mapa[mp(9,4)] = 126;
mapa[mp(9,5)] = 126;
mapa[mp(9,6)] = 84;
mapa[mp(9,7)] = 36;
mapa[mp(9,8)] = 9;
mapa[mp(10,1)] = 10;
mapa[mp(10,2)] = 45;
mapa[mp(10,3)] = 120;
mapa[mp(10,4)] = 210;
mapa[mp(10,5)] = 252;
mapa[mp(10,6)] = 210;
mapa[mp(10,7)] = 120;
mapa[mp(10,8)] = 45;
mapa[mp(11,1)] = 11;
mapa[mp(11,2)] = 55;
mapa[mp(11,3)] = 165;
mapa[mp(11,4)] = 330;
mapa[mp(11,5)] = 462;
mapa[mp(11,6)] = 462;
mapa[mp(11,7)] = 330;
mapa[mp(11,8)] = 165;
mapa[mp(12,1)] = 12;
mapa[mp(12,2)] = 66;
mapa[mp(12,3)] = 220;
mapa[mp(12,4)] = 495;
mapa[mp(12,5)] = 792;
mapa[mp(12,6)] = 924;
mapa[mp(12,7)] = 792;
mapa[mp(12,8)] = 495;
mapa[mp(13,1)] = 13;
mapa[mp(13,2)] = 78;
mapa[mp(13,3)] = 286;
mapa[mp(13,4)] = 715;
mapa[mp(13,5)] = 1287;
mapa[mp(13,6)] = 1716;
mapa[mp(13,7)] = 1716;
mapa[mp(13,8)] = 1287;
mapa[mp(14,1)] = 14;
mapa[mp(14,2)] = 91;
mapa[mp(14,3)] = 364;
mapa[mp(14,4)] = 1001;
mapa[mp(14,5)] = 2002;
mapa[mp(14,6)] = 3003;
mapa[mp(14,7)] = 3432;
mapa[mp(14,8)] = 3003;
mapa[mp(15,1)] = 15;
mapa[mp(15,2)] = 105;
mapa[mp(15,3)] = 455;
mapa[mp(15,4)] = 1365;
mapa[mp(15,5)] = 3003;
mapa[mp(15,6)] = 5005;
mapa[mp(15,7)] = 6435;
mapa[mp(15,8)] = 6435;
mapa[mp(16,1)] = 16;
mapa[mp(16,2)] = 120;
mapa[mp(16,3)] = 560;
mapa[mp(16,4)] = 1820;
mapa[mp(16,5)] = 4368;
mapa[mp(16,6)] = 8008;
mapa[mp(16,7)] = 11440;
mapa[mp(16,8)] = 12870;
mapa[mp(17,1)] = 17;
mapa[mp(17,2)] = 136;
mapa[mp(17,3)] = 680;
mapa[mp(17,4)] = 2380;
mapa[mp(17,5)] = 6188;
mapa[mp(17,6)] = 12376;
mapa[mp(17,7)] = 19448;
mapa[mp(17,8)] = 24310;
mapa[mp(18,1)] = 18;
mapa[mp(18,2)] = 153;
mapa[mp(18,3)] = 816;
mapa[mp(18,4)] = 3060;
mapa[mp(18,5)] = 8568;
mapa[mp(18,6)] = 18564;
mapa[mp(18,7)] = 31824;
mapa[mp(18,8)] = 43758;
mapa[mp(19,1)] = 19;
mapa[mp(19,2)] = 171;
mapa[mp(19,3)] = 969;
mapa[mp(19,4)] = 3876;
mapa[mp(19,5)] = 11628;
mapa[mp(19,6)] = 27132;
mapa[mp(19,7)] = 50388;
mapa[mp(19,8)] = 75582;
mapa[mp(20,1)] = 20;
mapa[mp(20,2)] = 190;
mapa[mp(20,3)] = 1140;
mapa[mp(20,4)] = 4845;
mapa[mp(20,5)] = 15504;
mapa[mp(20,6)] = 38760;
mapa[mp(20,7)] = 77520;
mapa[mp(20,8)] = 125970;
mapa[mp(21,1)] = 21;
mapa[mp(21,2)] = 210;
mapa[mp(21,3)] = 1330;
mapa[mp(21,4)] = 5985;
mapa[mp(21,5)] = 20349;
mapa[mp(21,6)] = 54264;
mapa[mp(21,7)] = 116280;
mapa[mp(21,8)] = 203490;
mapa[mp(22,1)] = 22;
mapa[mp(22,2)] = 231;
mapa[mp(22,3)] = 1540;
mapa[mp(22,4)] = 7315;
mapa[mp(22,5)] = 26334;
mapa[mp(22,6)] = 74613;
mapa[mp(22,7)] = 170544;
mapa[mp(22,8)] = 319770;
mapa[mp(23,1)] = 23;
mapa[mp(23,2)] = 253;
mapa[mp(23,3)] = 1771;
mapa[mp(23,4)] = 8855;
mapa[mp(23,5)] = 33649;
mapa[mp(23,6)] = 100947;
mapa[mp(23,7)] = 245157;
mapa[mp(23,8)] = 490314;
mapa[mp(24,1)] = 24;
mapa[mp(24,2)] = 276;
mapa[mp(24,3)] = 2024;
mapa[mp(24,4)] = 10626;
mapa[mp(24,5)] = 42504;
mapa[mp(24,6)] = 134596;
mapa[mp(24,7)] = 346104;
mapa[mp(24,8)] = 735471;
mapa[mp(25,1)] = 25;
mapa[mp(25,2)] = 300;
mapa[mp(25,3)] = 2300;
mapa[mp(25,4)] = 12650;
mapa[mp(25,5)] = 53130;
mapa[mp(25,6)] = 177100;
mapa[mp(25,7)] = 480700;
mapa[mp(25,8)] = 1081575;
mapa[mp(26,1)] = 26;
mapa[mp(26,2)] = 325;
mapa[mp(26,3)] = 2600;
mapa[mp(26,4)] = 14950;
mapa[mp(26,5)] = 65780;
mapa[mp(26,6)] = 230230;
mapa[mp(26,7)] = 657800;
mapa[mp(26,8)] = 1562275;
